<?xml version="1.0" encoding="UTF-8"?>
<testng-results ignored="0" total="1" passed="1" failed="0" skipped="0">
  <reporter-output>
  </reporter-output>
  <suite started-at="2019-07-21T21:34:59Z" name="Default suite" finished-at="2019-07-21T21:35:00Z" duration-ms="1457">
    <groups>
    </groups>
    <test started-at="2019-07-21T21:34:59Z" name="Default test" finished-at="2019-07-21T21:35:00Z" duration-ms="1457">
      <class name="Tests.signUptoFB">
        <test-method is-config="true" signature="initialize()[pri:0, instance:Tests.signUptoFB@24aed80c]" started-at="2019-07-21T21:34:42Z" name="initialize" finished-at="2019-07-21T21:34:59Z" duration-ms="16932" status="PASS">
          <reporter-output>
          </reporter-output>
        </test-method> <!-- initialize -->
        <test-method signature="init()[pri:0, instance:Tests.signUptoFB@24aed80c]" started-at="2019-07-21T21:34:59Z" name="init" finished-at="2019-07-21T21:35:00Z" duration-ms="1421" status="PASS">
          <reporter-output>
          </reporter-output>
        </test-method> <!-- init -->
        <test-method is-config="true" signature="TeardownTest()[pri:0, instance:Tests.signUptoFB@24aed80c]" started-at="2019-07-21T21:35:00Z" name="TeardownTest" finished-at="2019-07-21T21:35:02Z" duration-ms="1227" status="PASS">
          <reporter-output>
          </reporter-output>
        </test-method> <!-- TeardownTest -->
      </class> <!-- Tests.signUptoFB -->
    </test> <!-- Default test -->
  </suite> <!-- Default suite -->
</testng-results>
